\BOOKMARK [1][-]{section.1}{Organisation, Motivation and Research Questions}{}% 1
\BOOKMARK [2][-]{subsection.1.1}{UC Arts Digital Lab}{section.1}% 2
\BOOKMARK [2][-]{subsection.1.2}{Project Motivations}{section.1}% 3
\BOOKMARK [2][-]{subsection.1.3}{Research Questions}{section.1}% 4
\BOOKMARK [2][-]{subsection.1.4}{Data and Ethics Constraints}{section.1}% 5
\BOOKMARK [2][-]{subsection.1.5}{Data Sources}{section.1}% 6
\BOOKMARK [1][-]{section.2}{Corpus Construction}{}% 7
\BOOKMARK [2][-]{subsection.2.1}{Methodology}{section.2}% 8
\BOOKMARK [3][-]{subsubsection.2.1.1}{Preprocessing}{subsection.2.1}% 9
\BOOKMARK [3][-]{subsubsection.2.1.2}{Dataset Exploration}{subsection.2.1}% 10
\BOOKMARK [3][-]{subsubsection.2.1.3}{Labelling Articles}{subsection.2.1}% 11
\BOOKMARK [3][-]{subsubsection.2.1.4}{Naive Bayes Classification}{subsection.2.1}% 12
\BOOKMARK [3][-]{subsubsection.2.1.5}{Classifier Application and Bootstrapping}{subsection.2.1}% 13
\BOOKMARK [2][-]{subsection.2.2}{Implementation}{section.2}% 14
\BOOKMARK [3][-]{subsubsection.2.2.1}{Hardware and Multiprocessing}{subsection.2.2}% 15
\BOOKMARK [3][-]{subsubsection.2.2.2}{From METS/ALTO to Pandas}{subsection.2.2}% 16
\BOOKMARK [3][-]{subsubsection.2.2.3}{Dashboard Construction: Dash and Heroku}{subsection.2.2}% 17
\BOOKMARK [2][-]{subsection.2.3}{Results}{section.2}% 18
\BOOKMARK [3][-]{subsubsection.2.3.1}{Classification Metrics}{subsection.2.3}% 19
\BOOKMARK [3][-]{subsubsection.2.3.2}{Manual Inspection of False Positives and Negatives}{subsection.2.3}% 20
\BOOKMARK [3][-]{subsubsection.2.3.3}{Inspection of Resulting Corpora}{subsection.2.3}% 21
\BOOKMARK [3][-]{subsubsection.2.3.4}{Alternative Classifiers}{subsection.2.3}% 22
\BOOKMARK [1][-]{section.3}{Two Questions about Philosophy in New Zealand}{}% 23
\BOOKMARK [2][-]{subsection.3.1}{Methodology}{section.3}% 24
\BOOKMARK [3][-]{subsubsection.3.1.1}{Evolution and Religious Belief}{subsection.3.1}% 25
\BOOKMARK [3][-]{subsubsection.3.1.2}{New Zealand Content in the NB2 Corpus}{subsection.3.1}% 26
\BOOKMARK [2][-]{subsection.3.2}{Results}{section.3}% 27
\BOOKMARK [3][-]{subsubsection.3.2.1}{Evolution and Religious Belief}{subsection.3.2}% 28
\BOOKMARK [3][-]{subsubsection.3.2.2}{External Validation of the Rel Corpus}{subsection.3.2}% 29
\BOOKMARK [3][-]{subsubsection.3.2.3}{New Zealand Content in the NB2 Corpus}{subsection.3.2}% 30
\BOOKMARK [1][-]{section.4}{Discussion}{}% 31
\BOOKMARK [1][-]{section.1}{Appendix}{}% 32
